Starting VIC: 290 existing, target 301
[VIC] 290/301 - https://www.dentist.com.au/dentist/vic/melbourne
  Found 0 new.
[VIC] 290/301 - https://www.dentist.com.au/dentist/vic/geelong
  Found 0 new.
[VIC] 290/301 - https://www.dentist.com.au/dentist/vic/brunswick-lower
  Found 3 new.
[VIC] 293/301 - https://www.dentist.com.au/dentist/vic/kensington
  Found 3 new.
[VIC] 296/301 - https://www.dentist.com.au/dentist/vic/middle-park
  Found 2 new.
[VIC] 298/301 - https://www.dentist.com.au/dentist/vic/cremorne
  Found 3 new.
Finished VIC. Total: 301
Starting NSW: 15 existing, target 305
[NSW] 15/305 - https://www.dentist.com.au/dentist/nsw/sydney
  Found 0 new.
[NSW] 15/305 - https://www.dentist.com.au/dentist/nsw/newcastle
  Found 0 new.
[NSW] 15/305 - https://www.dentist.com.au/dentist/nsw/darlington
  Found 3 new.
[NSW] 18/305 - https://www.dentist.com.au/dentist/nsw/elizabeth-bay
  Found 2 new.
[NSW] 20/305 - https://www.dentist.com.au/dentist/nsw/dawes-point
  Found 1 new.
[NSW] 21/305 - https://www.dentist.com.au/dentist/nsw/darlinghurst
  Found 0 new.
[NSW] 21/305 - https://www.dentist.com.au/dentist/nsw/chippendale
  Found 1 new.
[NSW] 22/305 - https://www.dentist.com.au/dentist/nsw/paddington
  Found 2 new.
[NSW] 24/305 - https://www.dentist.com.au/dentist/nsw/kurraba-point
[NSW] 24/305 - https://www.dentist.com.au/dentist/nsw/camperdown
