Starting harvest for VIC (target=300)...
Crawling melbourne (0/300)...
  Found listing stubs: premium=5 standard=95 (combined=100)
Crawling geelong (100/300)...
  Found listing stubs: premium=3 standard=20 (combined=23)
Crawling ballarat (123/300)...
  Found listing stubs: premium=3 standard=20 (combined=23)
Crawling bendigo (146/300)...
  Found listing stubs: premium=2 standard=20 (combined=22)
Crawling mildura (168/300)...
  Found listing stubs: premium=0 standard=9 (combined=9)
Crawling shepparton (177/300)...
  Found listing stubs: premium=1 standard=19 (combined=20)
Crawling warrnambool (197/300)...
  Found listing stubs: premium=0 standard=14 (combined=14)
Crawling frankston (211/300)...
  Found listing stubs: premium=3 standard=29 (combined=32)
Crawling dandenong (243/300)...
  Found listing stubs: premium=3 standard=22 (combined=25)
Crawling clayton (268/300)...
  Found listing stubs: premium=3 standard=20 (combined=23)
Crawling camberwell (291/300)...
  Found listing stubs: premium=3 standard=20 (combined=23)
Collected 300 unique practice stubs; enriching detail pages...
  Enriched 25/300 detail pages...
